{
  "op": "INSERT",
  "collection": "users",
  "document": {
    "username": "john_doe",
    "email": "john@example.com",
    "age": 30,
    "status": "active",
    "_id": "users_1760457252163_1",
    "_createdAt": 1760457252179,
    "_updatedAt": 1760457252179
  }
}
{
  "op": "INSERT",
  "collection": "users",
  "document": {
    "username": "john_doe",
    "email": "john@example.com",
    "age": 30,
    "status": "active",
    "_id": "users_1760459786745_1",
    "_createdAt": 1760459786752,
    "_updatedAt": 1760459786752
  }
}
{
  "op": "INSERT",
  "collection": "47",
  "document": {
    "username": "john_doe",
    "email": "john@example.com",
    "age": 30,
    "status": "active",
    "_id": "47_1760459786756_1",
    "_createdAt": 1760459786756,
    "_updatedAt": 1760459786756
  }
}
{
  "op": "INSERT",
  "collection": "5",
  "document": {
    "username": "john_doe",
    "email": "john@example.com",
    "age": 30,
    "status": "active",
    "_id": "5_1760459792126_1",
    "_createdAt": 1760459792126,
    "_updatedAt": 1760459792126
  }
}
{
  "op": "INSERT",
  "collection": "6",
  "document": {
    "username": "test2",
    "email": "john@example.com",
    "age": 30,
    "status": "active",
    "_id": "6_1760459907926_1",
    "_createdAt": 1760459907926,
    "_updatedAt": 1760459907926
  }
}
{
  "op": "INSERT",
  "collection": "users",
  "document": {
    "username": "john_doe",
    "email": "john@example.com",
    "age": 30,
    "status": "active",
    "_id": "users_1760467286484_1",
    "_createdAt": 1760467286491,
    "_updatedAt": 1760467286491
  }
}
{
  "op": "INSERT",
  "collection": "47",
  "document": {
    "username": "john_doe",
    "email": "john@example.com",
    "age": 30,
    "status": "active",
    "_id": "47_1760467286502_1",
    "_createdAt": 1760467286503,
    "_updatedAt": 1760467286503
  }
}
{
  "op": "INSERT",
  "collection": "5",
  "document": {
    "username": "john_doe",
    "email": "john@example.com",
    "age": 30,
    "status": "active",
    "_id": "5_1760467286504_1",
    "_createdAt": 1760467286504,
    "_updatedAt": 1760467286504
  }
}
{
  "op": "INSERT",
  "collection": "6",
  "document": {
    "username": "test2",
    "email": "john@example.com",
    "age": 30,
    "status": "active",
    "_id": "6_1760467286505_1",
    "_createdAt": 1760467286505,
    "_updatedAt": 1760467286505
  }
}
{
  "op": "INSERT",
  "collection": "5",
  "document": {
    "test": "test",
    "_id": "5_1760467286506_2",
    "_createdAt": 1760467286506,
    "_updatedAt": 1760467286506
  }
}
{
  "op": "INSERT",
  "collection": "users",
  "document": {
    "username": "john_doe",
    "email": "john@example.com",
    "age": 30,
    "status": "active",
    "_id": "users_1760467362406_1",
    "_createdAt": 1760467362414,
    "_updatedAt": 1760467362414
  }
}
{
  "op": "INSERT",
  "collection": "47",
  "document": {
    "username": "john_doe",
    "email": "john@example.com",
    "age": 30,
    "status": "active",
    "_id": "47_1760467362419_1",
    "_createdAt": 1760467362419,
    "_updatedAt": 1760467362419
  }
}
{
  "op": "INSERT",
  "collection": "5",
  "document": {
    "username": "john_doe",
    "email": "john@example.com",
    "age": 30,
    "status": "active",
    "_id": "5_1760467362419_1",
    "_createdAt": 1760467362419,
    "_updatedAt": 1760467362419
  }
}
{
  "op": "INSERT",
  "collection": "6",
  "document": {
    "username": "test2",
    "email": "john@example.com",
    "age": 30,
    "status": "active",
    "_id": "6_1760467362419_1",
    "_createdAt": 1760467362419,
    "_updatedAt": 1760467362419
  }
}
{
  "op": "INSERT",
  "collection": "5",
  "document": {
    "test": "test",
    "_id": "5_1760467362420_2",
    "_createdAt": 1760467362420,
    "_updatedAt": 1760467362420
  }
}
