{
  "op": "INSERT",
  "collection": "users",
  "document": {
    "username": "john_doe",
    "email": "john@example.com",
    "age": 30,
    "status": "active",
    "_id": "users_1760457252077_1",
    "_createdAt": 1760457252080,
    "_updatedAt": 1760457252080
  }
}
{
  "op": "INSERT",
  "collection": "users",
  "document": {
    "username": "john_doe",
    "email": "john@example.com",
    "age": 30,
    "status": "active",
    "_id": "users_1760459786619_1",
    "_createdAt": 1760459786623,
    "_updatedAt": 1760459786623
  }
}
{
  "op": "INSERT",
  "collection": "47",
  "document": {
    "username": "john_doe",
    "email": "john@example.com",
    "age": 30,
    "status": "active",
    "_id": "47_1760459786625_1",
    "_createdAt": 1760459786627,
    "_updatedAt": 1760459786627
  }
}
{
  "op": "INSERT",
  "collection": "5",
  "document": {
    "username": "john_doe",
    "email": "john@example.com",
    "age": 30,
    "status": "active",
    "_id": "5_1760459792043_1",
    "_createdAt": 1760459792044,
    "_updatedAt": 1760459792044
  }
}
{
  "op": "INSERT",
  "collection": "6",
  "document": {
    "username": "test2",
    "email": "john@example.com",
    "age": 30,
    "status": "active",
    "_id": "6_1760459907850_1",
    "_createdAt": 1760459907850,
    "_updatedAt": 1760459907850
  }
}
{
  "op": "INSERT",
  "collection": "users",
  "document": {
    "username": "john_doe",
    "email": "john@example.com",
    "age": 30,
    "status": "active",
    "_id": "users_1760467286406_1",
    "_createdAt": 1760467286411,
    "_updatedAt": 1760467286411
  }
}
{
  "op": "INSERT",
  "collection": "47",
  "document": {
    "username": "john_doe",
    "email": "john@example.com",
    "age": 30,
    "status": "active",
    "_id": "47_1760467286415_1",
    "_createdAt": 1760467286415,
    "_updatedAt": 1760467286415
  }
}
{
  "op": "INSERT",
  "collection": "5",
  "document": {
    "username": "john_doe",
    "email": "john@example.com",
    "age": 30,
    "status": "active",
    "_id": "5_1760467286417_1",
    "_createdAt": 1760467286417,
    "_updatedAt": 1760467286417
  }
}
{
  "op": "INSERT",
  "collection": "6",
  "document": {
    "username": "test2",
    "email": "john@example.com",
    "age": 30,
    "status": "active",
    "_id": "6_1760467286417_1",
    "_createdAt": 1760467286418,
    "_updatedAt": 1760467286418
  }
}
{
  "op": "INSERT",
  "collection": "5",
  "document": {
    "test": "test",
    "_id": "5_1760467286418_2",
    "_createdAt": 1760467286418,
    "_updatedAt": 1760467286418
  }
}
{
  "op": "INSERT",
  "collection": "users",
  "document": {
    "username": "john_doe",
    "email": "john@example.com",
    "age": 30,
    "status": "active",
    "_id": "users_1760478061197_1",
    "_createdAt": 1760478061201,
    "_updatedAt": 1760478061201
  }
}
{
  "op": "INSERT",
  "collection": "47",
  "document": {
    "username": "john_doe",
    "email": "john@example.com",
    "age": 30,
    "status": "active",
    "_id": "47_1760478061204_1",
    "_createdAt": 1760478061204,
    "_updatedAt": 1760478061204
  }
}
{
  "op": "INSERT",
  "collection": "5",
  "document": {
    "username": "john_doe",
    "email": "john@example.com",
    "age": 30,
    "status": "active",
    "_id": "5_1760478061205_1",
    "_createdAt": 1760478061205,
    "_updatedAt": 1760478061205
  }
}
{
  "op": "INSERT",
  "collection": "6",
  "document": {
    "username": "test2",
    "email": "john@example.com",
    "age": 30,
    "status": "active",
    "_id": "6_1760478061205_1",
    "_createdAt": 1760478061205,
    "_updatedAt": 1760478061205
  }
}
{
  "op": "INSERT",
  "collection": "5",
  "document": {
    "test": "test",
    "_id": "5_1760478061206_2",
    "_createdAt": 1760478061206,
    "_updatedAt": 1760478061206
  }
}
{
  "op": "INSERT",
  "collection": "6",
  "document": {
    "username": "test3",
    "email": "john@example.com",
    "age": 30,
    "status": "active",
    "_id": "6_1760478061206_2",
    "_createdAt": 1760478061206,
    "_updatedAt": 1760478061206
  }
}
